# JRE version: Java(TM) SE Runtime Environment (8.0_73-b02) (build 1.8.0_73-b02)
# Java VM: Java HotSpot(TM) 64-Bit Server VM (25.73-b02 mixed mode windows-amd64 compressed oops)
Heap:
 PSYoungGen      total 232960K, used 226304K [0x00000000e0c00000, 0x00000000f0b00000, 0x0000000100000000)
  eden space 204800K, 100% used [0x00000000e0c00000,0x00000000ed400000,0x00000000ed400000)
  from space 28160K, 76% used [0x00000000ed400000,0x00000000ee900010,0x00000000eef80000)
  to   space 26112K, 99% used [0x00000000ef180000,0x00000000f0af8030,0x00000000f0b00000)
 ParOldGen       total 52736K, used 52735K [0x00000000a2400000, 0x00000000a5780000, 0x00000000e0c00000)
  object space 52736K, 99% used [0x00000000a2400000,0x00000000a577ff40,0x00000000a5780000)
 Metaspace       used 2937K, capacity 4566K, committed 4864K, reserved 1056768K
  class space    used 297K, capacity 390K, committed 512K, reserved 1048576K
GC Heap History (10 events):
Event: 37.045 GC heap after
Heap after GC invocations=64 (full 31):
 PSYoungGen      total 206848K, used 0K [0x00000000e0c00000, 0x00000000f0d80000, 0x0000000100000000)
  eden space 194560K, 0% used [0x00000000e0c00000,0x00000000e0c00000,0x00000000eca00000)
  from space 12288K, 0% used [0x00000000eca00000,0x00000000eca00000,0x00000000ed600000)
  to   space 28672K, 0% used [0x00000000ef180000,0x00000000ef180000,0x00000000f0d80000)
 ParOldGen       total 44032K, used 5791K [0x00000000a2400000, 0x00000000a4f00000, 0x00000000e0c00000)
  object space 44032K, 13% used [0x00000000a2400000,0x00000000a29a7f40,0x00000000a4f00000)
 Metaspace       used 2937K, capacity 4566K, committed 4864K, reserved 1056768K
  class space    used 297K, capacity 390K, committed 512K, reserved 1048576K
}
Event: 37.303 GC heap before
{Heap before GC invocations=65 (full 31):
 PSYoungGen      total 206848K, used 194560K [0x00000000e0c00000, 0x00000000f0d80000, 0x0000000100000000)
  eden space 194560K, 100% used [0x00000000e0c00000,0x00000000eca00000,0x00000000eca00000)
  from space 12288K, 0% used [0x00000000eca00000,0x00000000eca00000,0x00000000ed600000)
  to   space 28672K, 0% used [0x00000000ef180000,0x00000000ef180000,0x00000000f0d80000)
 ParOldGen       total 44032K, used 5791K [0x00000000a2400000, 0x00000000a4f00000, 0x00000000e0c00000)
  object space 44032K, 13% used [0x00000000a2400000,0x00000000a29a7f40,0x00000000a4f00000)
 Metaspace       used 2937K, capacity 4566K, committed 4864K, reserved 1056768K
  class space    used 297K, capacity 390K, committed 512K, reserved 1048576K
Event: 37.340 GC heap after
Heap after GC invocations=65 (full 31):
 PSYoungGen      total 230912K, used 11680K [0x00000000e0c00000, 0x00000000f0b00000, 0x0000000100000000)
  eden space 204800K, 0% used [0x00000000e0c00000,0x00000000e0c00000,0x00000000ed400000)
  from space 26112K, 44% used [0x00000000ef180000,0x00000000efce8010,0x00000000f0b00000)
  to   space 28160K, 0% used [0x00000000ed400000,0x00000000ed400000,0x00000000eef80000)
 ParOldGen       total 44032K, used 5791K [0x00000000a2400000, 0x00000000a4f00000, 0x00000000e0c00000)
  object space 44032K, 13% used [0x00000000a2400000,0x00000000a29a7f40,0x00000000a4f00000)
 Metaspace       used 2937K, capacity 4566K, committed 4864K, reserved 1056768K
  class space    used 297K, capacity 390K, committed 512K, reserved 1048576K
}
Event: 37.551 GC heap before
{Heap before GC invocations=66 (full 31):
 PSYoungGen      total 230912K, used 216480K [0x00000000e0c00000, 0x00000000f0b00000, 0x0000000100000000)
  eden space 204800K, 100% used [0x00000000e0c00000,0x00000000ed400000,0x00000000ed400000)
  from space 26112K, 44% used [0x00000000ef180000,0x00000000efce8010,0x00000000f0b00000)
  to   space 28160K, 0% used [0x00000000ed400000,0x00000000ed400000,0x00000000eef80000)
 ParOldGen       total 44032K, used 5791K [0x00000000a2400000, 0x00000000a4f00000, 0x00000000e0c00000)
  object space 44032K, 13% used [0x00000000a2400000,0x00000000a29a7f40,0x00000000a4f00000)
 Metaspace       used 2937K, capacity 4566K, committed 4864K, reserved 1056768K
  class space    used 297K, capacity 390K, committed 512K, reserved 1048576K
Event: 37.604 GC heap after
Heap after GC invocations=66 (full 31):
 PSYoungGen      total 232960K, used 21984K [0x00000000e0c00000, 0x00000000f0b00000, 0x0000000100000000)
  eden space 204800K, 0% used [0x00000000e0c00000,0x00000000e0c00000,0x00000000ed400000)
  from space 28160K, 78% used [0x00000000ed400000,0x00000000ee978010,0x00000000eef80000)
  to   space 26112K, 0% used [0x00000000ef180000,0x00000000ef180000,0x00000000f0b00000)
 ParOldGen       total 44032K, used 5791K [0x00000000a2400000, 0x00000000a4f00000, 0x00000000e0c00000)
  object space 44032K, 13% used [0x00000000a2400000,0x00000000a29a7f40,0x00000000a4f00000)
 Metaspace       used 2937K, capacity 4566K, committed 4864K, reserved 1056768K
  class space    used 297K, capacity 390K, committed 512K, reserved 1048576K
}
Event: 37.870 GC heap before
{Heap before GC invocations=67 (full 31):
 PSYoungGen      total 232960K, used 226784K [0x00000000e0c00000, 0x00000000f0b00000, 0x0000000100000000)
  eden space 204800K, 100% used [0x00000000e0c00000,0x00000000ed400000,0x00000000ed400000)
  from space 28160K, 78% used [0x00000000ed400000,0x00000000ee978010,0x00000000eef80000)
  to   space 26112K, 0% used [0x00000000ef180000,0x00000000ef180000,0x00000000f0b00000)
 ParOldGen       total 44032K, used 5791K [0x00000000a2400000, 0x00000000a4f00000, 0x00000000e0c00000)
  object space 44032K, 13% used [0x00000000a2400000,0x00000000a29a7f40,0x00000000a4f00000)
 Metaspace       used 2937K, capacity 4566K, committed 4864K, reserved 1056768K
  class space    used 297K, capacity 390K, committed 512K, reserved 1048576K
Event: 37.939 GC heap after
Heap after GC invocations=67 (full 31):
 PSYoungGen      total 230912K, used 26080K [0x00000000e0c00000, 0x00000000f0b00000, 0x0000000100000000)
  eden space 204800K, 0% used [0x00000000e0c00000,0x00000000e0c00000,0x00000000ed400000)
  from space 26112K, 99% used [0x00000000ef180000,0x00000000f0af8010,0x00000000f0b00000)
  to   space 28160K, 0% used [0x00000000ed400000,0x00000000ed400000,0x00000000eef80000)
 ParOldGen       total 44032K, used 10919K [0x00000000a2400000, 0x00000000a4f00000, 0x00000000e0c00000)
  object space 44032K, 24% used [0x00000000a2400000,0x00000000a2ea9f40,0x00000000a4f00000)
 Metaspace       used 2937K, capacity 4566K, committed 4864K, reserved 1056768K
  class space    used 297K, capacity 390K, committed 512K, reserved 1048576K
}
Event: 38.183 GC heap before
{Heap before GC invocations=68 (full 31):
 PSYoungGen      total 230912K, used 230880K [0x00000000e0c00000, 0x00000000f0b00000, 0x0000000100000000)
  eden space 204800K, 100% used [0x00000000e0c00000,0x00000000ed400000,0x00000000ed400000)
  from space 26112K, 99% used [0x00000000ef180000,0x00000000f0af8010,0x00000000f0b00000)
  to   space 28160K, 0% used [0x00000000ed400000,0x00000000ed400000,0x00000000eef80000)
 ParOldGen       total 44032K, used 10919K [0x00000000a2400000, 0x00000000a4f00000, 0x00000000e0c00000)
  object space 44032K, 24% used [0x00000000a2400000,0x00000000a2ea9f40,0x00000000a4f00000)
 Metaspace       used 2937K, capacity 4566K, committed 4864K, reserved 1056768K
  class space    used 297K, capacity 390K, committed 512K, reserved 1048576K
Event: 38.240 GC heap after
Heap after GC invocations=68 (full 31):
 PSYoungGen      total 232960K, used 21504K [0x00000000e0c00000, 0x00000000f0b00000, 0x0000000100000000)
  eden space 204800K, 0% used [0x00000000e0c00000,0x00000000e0c00000,0x00000000ed400000)
  from space 28160K, 76% used [0x00000000ed400000,0x00000000ee900010,0x00000000eef80000)
  to   space 26112K, 0% used [0x00000000ef180000,0x00000000ef180000,0x00000000f0b00000)
 ParOldGen       total 44032K, used 15567K [0x00000000a2400000, 0x00000000a4f00000, 0x00000000e0c00000)
  object space 44032K, 35% used [0x00000000a2400000,0x00000000a3333f40,0x00000000a4f00000)
 Metaspace       used 2937K, capacity 4566K, committed 4864K, reserved 1056768K
  class space    used 297K, capacity 390K, committed 512K, reserved 1048576K
}
Event: 38.496 GC heap before
{Heap before GC invocations=69 (full 31):
 PSYoungGen      total 232960K, used 226304K [0x00000000e0c00000, 0x00000000f0b00000, 0x0000000100000000)
  eden space 204800K, 100% used [0x00000000e0c00000,0x00000000ed400000,0x00000000ed400000)
  from space 28160K, 76% used [0x00000000ed400000,0x00000000ee900010,0x00000000eef80000)
  to   space 26112K, 0% used [0x00000000ef180000,0x00000000ef180000,0x00000000f0b00000)
 ParOldGen       total 44032K, used 15567K [0x00000000a2400000, 0x00000000a4f00000, 0x00000000e0c00000)
  object space 44032K, 35% used [0x00000000a2400000,0x00000000a3333f40,0x00000000a4f00000)
 Metaspace       used 2937K, capacity 4566K, committed 4864K, reserved 1056768K
  class space    used 297K, capacity 390K, committed 512K, reserved 1048576K

